<?xml version="1.0" encoding="UTF-8"?>
<!-- Generated by org.testng.reporters.JUnitReportReporter -->
<testsuite hostname="vasu-PC" name="com.vasu.testng.FirstTestNgTest" tests="1" failures="0" timestamp="14 Feb 2019 02:06:23 GMT" time="0.002" errors="0">
  <testcase name="first" time="0.002" classname="com.vasu.testng.FirstTestNgTest"/>
</testsuite> <!-- com.vasu.testng.FirstTestNgTest -->
