<?xml version="1.0" encoding="UTF-8"?>
<!-- Generated by org.testng.reporters.JUnitReportReporter -->
<testsuite hostname="vasu-PC" name="com.vasu.testng.AnnotationsTest" tests="2" failures="0" timestamp="14 Feb 2019 02:06:23 GMT" time="0.007" errors="0">
  <testcase name="method1" time="0.006" classname="com.vasu.testng.AnnotationsTest"/>
  <testcase name="method2" time="0.001" classname="com.vasu.testng.AnnotationsTest"/>
</testsuite> <!-- com.vasu.testng.AnnotationsTest -->
