<?xml version="1.0" encoding="UTF-8"?>
<!-- Generated by org.testng.reporters.JUnitReportReporter -->
<testsuite hostname="vasu-PC" name="com.vasu.testng.MultipleTestCases" tests="2" failures="0" timestamp="14 Feb 2019 02:06:23 GMT" time="0.004" errors="0">
  <testcase name="appLogin" time="0.002" classname="com.vasu.testng.MultipleTestCases"/>
  <testcase name="appLaunch" time="0.002" classname="com.vasu.testng.MultipleTestCases"/>
</testsuite> <!-- com.vasu.testng.MultipleTestCases -->
